/*C3*/SET SCHEMA PUBLIC
DROP TABLE BATCH_STEP_EXECUTION_CONTEXT IF EXISTS
DROP TABLE BATCH_JOB_EXECUTION_CONTEXT IF EXISTS
DROP TABLE BATCH_STEP_EXECUTION IF EXISTS
DROP TABLE BATCH_JOB_EXECUTION_PARAMS IF EXISTS
DROP TABLE BATCH_JOB_EXECUTION IF EXISTS
DROP TABLE BATCH_JOB_INSTANCE IF EXISTS
DROP TABLE BATCH_STEP_EXECUTION_SEQ IF EXISTS
DROP TABLE BATCH_JOB_EXECUTION_SEQ IF EXISTS
DROP TABLE BATCH_JOB_SEQ IF EXISTS
CREATE TABLE BATCH_JOB_INSTANCE ( JOB_INSTANCE_ID BIGINT IDENTITY NOT NULL PRIMARY KEY , VERSION BIGINT , JOB_NAME VARCHAR(100) NOT NULL, JOB_KEY VARCHAR(32) NOT NULL, constraint JOB_INST_UN unique (JOB_NAME, JOB_KEY) ) 
CREATE TABLE BATCH_JOB_EXECUTION ( JOB_EXECUTION_ID BIGINT IDENTITY NOT NULL PRIMARY KEY , VERSION BIGINT , JOB_INSTANCE_ID BIGINT NOT NULL, CREATE_TIME TIMESTAMP NOT NULL, START_TIME TIMESTAMP DEFAULT NULL , END_TIME TIMESTAMP DEFAULT NULL , STATUS VARCHAR(10) , EXIT_CODE VARCHAR(2500) , EXIT_MESSAGE VARCHAR(2500) , LAST_UPDATED TIMESTAMP, JOB_CONFIGURATION_LOCATION VARCHAR(2500) NULL, constraint JOB_INST_EXEC_FK foreign key (JOB_INSTANCE_ID) references BATCH_JOB_INSTANCE(JOB_INSTANCE_ID) ) 
CREATE TABLE BATCH_JOB_EXECUTION_PARAMS ( JOB_EXECUTION_ID BIGINT NOT NULL , TYPE_CD VARCHAR(6) NOT NULL , KEY_NAME VARCHAR(100) NOT NULL , STRING_VAL VARCHAR(250) , DATE_VAL TIMESTAMP DEFAULT NULL , LONG_VAL BIGINT , DOUBLE_VAL DOUBLE PRECISION , IDENTIFYING CHAR(1) NOT NULL , constraint JOB_EXEC_PARAMS_FK foreign key (JOB_EXECUTION_ID) references BATCH_JOB_EXECUTION(JOB_EXECUTION_ID) ) 
CREATE TABLE BATCH_STEP_EXECUTION ( STEP_EXECUTION_ID BIGINT IDENTITY NOT NULL PRIMARY KEY , VERSION BIGINT NOT NULL, STEP_NAME VARCHAR(100) NOT NULL, JOB_EXECUTION_ID BIGINT NOT NULL, START_TIME TIMESTAMP NOT NULL , END_TIME TIMESTAMP DEFAULT NULL , STATUS VARCHAR(10) , COMMIT_COUNT BIGINT , READ_COUNT BIGINT , FILTER_COUNT BIGINT , WRITE_COUNT BIGINT , READ_SKIP_COUNT BIGINT , WRITE_SKIP_COUNT BIGINT , PROCESS_SKIP_COUNT BIGINT , ROLLBACK_COUNT BIGINT , EXIT_CODE VARCHAR(2500) , EXIT_MESSAGE VARCHAR(2500) , LAST_UPDATED TIMESTAMP, constraint JOB_EXEC_STEP_FK foreign key (JOB_EXECUTION_ID) references BATCH_JOB_EXECUTION(JOB_EXECUTION_ID) ) 
CREATE TABLE BATCH_STEP_EXECUTION_CONTEXT ( STEP_EXECUTION_ID BIGINT NOT NULL PRIMARY KEY, SHORT_CONTEXT VARCHAR(2500) NOT NULL, SERIALIZED_CONTEXT LONGVARCHAR , constraint STEP_EXEC_CTX_FK foreign key (STEP_EXECUTION_ID) references BATCH_STEP_EXECUTION(STEP_EXECUTION_ID) ) 
CREATE TABLE BATCH_JOB_EXECUTION_CONTEXT ( JOB_EXECUTION_ID BIGINT NOT NULL PRIMARY KEY, SHORT_CONTEXT VARCHAR(2500) NOT NULL, SERIALIZED_CONTEXT LONGVARCHAR , constraint JOB_EXEC_CTX_FK foreign key (JOB_EXECUTION_ID) references BATCH_JOB_EXECUTION(JOB_EXECUTION_ID) ) 
CREATE TABLE BATCH_STEP_EXECUTION_SEQ ( ID BIGINT IDENTITY )
CREATE TABLE BATCH_JOB_EXECUTION_SEQ ( ID BIGINT IDENTITY )
CREATE TABLE BATCH_JOB_SEQ ( ID BIGINT IDENTITY )
INSERT INTO BATCH_JOB_SEQ VALUES(0)
INSERT INTO BATCH_JOB_INSTANCE VALUES(0,0,'idFirstJobBatch','d41d8cd98f00b204e9800998ecf8427e')
INSERT INTO BATCH_JOB_EXECUTION_SEQ VALUES(0)
INSERT INTO BATCH_JOB_EXECUTION VALUES(0,0,0,'2022-10-28 20:59:08.787000',NULL,NULL,'STARTING','UNKNOWN','','2022-10-28 20:59:08.787000',NULL)
INSERT INTO BATCH_JOB_EXECUTION_CONTEXT VALUES(0,'{"@class":"java.util.HashMap"}',NULL)
COMMIT
DELETE FROM BATCH_JOB_EXECUTION WHERE JOB_EXECUTION_ID=0
INSERT INTO BATCH_JOB_EXECUTION VALUES(0,1,0,'2022-10-28 20:59:08.787000','2022-10-28 20:59:08.818000',NULL,'STARTED','UNKNOWN','','2022-10-28 20:59:08.818000',NULL)
COMMIT
INSERT INTO BATCH_STEP_EXECUTION_SEQ VALUES(0)
INSERT INTO BATCH_STEP_EXECUTION VALUES(0,0,'idFirstStep',0,'2022-10-28 20:59:08.836000',NULL,'STARTING',0,0,0,0,0,0,0,0,'EXECUTING','','2022-10-28 20:59:08.836000')
INSERT INTO BATCH_STEP_EXECUTION_CONTEXT VALUES(0,'{"@class":"java.util.HashMap"}',NULL)
COMMIT
DELETE FROM BATCH_STEP_EXECUTION WHERE STEP_EXECUTION_ID=0
INSERT INTO BATCH_STEP_EXECUTION VALUES(0,1,'idFirstStep',0,'2022-10-28 20:59:08.837000',NULL,'STARTED',0,0,0,0,0,0,0,0,'EXECUTING','','2022-10-28 20:59:08.837000')
COMMIT
DELETE FROM BATCH_STEP_EXECUTION_CONTEXT WHERE STEP_EXECUTION_ID=0
INSERT INTO BATCH_STEP_EXECUTION_CONTEXT VALUES(0,'{"@class":"java.util.HashMap","batch.taskletType":"org.springframework.batch.core.step.item.ChunkOrientedTasklet","FlatFileItemReader.read.count":0,"batch.stepType":"org.springframework.batch.core.step.tasklet.TaskletStep"}',NULL)
COMMIT
DELETE FROM BATCH_STEP_EXECUTION_CONTEXT WHERE STEP_EXECUTION_ID=0
INSERT INTO BATCH_STEP_EXECUTION_CONTEXT VALUES(0,'{"@class":"java.util.HashMap","batch.taskletType":"org.springframework.batch.core.step.item.ChunkOrientedTasklet","FlatFileItemReader.read.count":6,"batch.stepType":"org.springframework.batch.core.step.tasklet.TaskletStep"}',NULL)
DELETE FROM BATCH_STEP_EXECUTION WHERE STEP_EXECUTION_ID=0
INSERT INTO BATCH_STEP_EXECUTION VALUES(0,2,'idFirstStep',0,'2022-10-28 20:59:08.837000',NULL,'STARTED',1,6,0,6,0,0,0,0,'EXECUTING','','2022-10-28 20:59:08.874000')
COMMIT
DELETE FROM BATCH_STEP_EXECUTION_CONTEXT WHERE STEP_EXECUTION_ID=0
INSERT INTO BATCH_STEP_EXECUTION_CONTEXT VALUES(0,'{"@class":"java.util.HashMap","batch.taskletType":"org.springframework.batch.core.step.item.ChunkOrientedTasklet","FlatFileItemReader.read.count":12,"batch.stepType":"org.springframework.batch.core.step.tasklet.TaskletStep"}',NULL)
DELETE FROM BATCH_STEP_EXECUTION WHERE STEP_EXECUTION_ID=0
INSERT INTO BATCH_STEP_EXECUTION VALUES(0,3,'idFirstStep',0,'2022-10-28 20:59:08.837000',NULL,'STARTED',2,12,0,12,0,0,0,0,'EXECUTING','','2022-10-28 20:59:08.884000')
COMMIT
DELETE FROM BATCH_STEP_EXECUTION_CONTEXT WHERE STEP_EXECUTION_ID=0
INSERT INTO BATCH_STEP_EXECUTION_CONTEXT VALUES(0,'{"@class":"java.util.HashMap","batch.taskletType":"org.springframework.batch.core.step.item.ChunkOrientedTasklet","FlatFileItemReader.read.count":18,"batch.stepType":"org.springframework.batch.core.step.tasklet.TaskletStep"}',NULL)
DELETE FROM BATCH_STEP_EXECUTION WHERE STEP_EXECUTION_ID=0
INSERT INTO BATCH_STEP_EXECUTION VALUES(0,4,'idFirstStep',0,'2022-10-28 20:59:08.837000',NULL,'STARTED',3,18,0,18,0,0,0,0,'EXECUTING','','2022-10-28 20:59:08.892000')
COMMIT
DELETE FROM BATCH_STEP_EXECUTION_CONTEXT WHERE STEP_EXECUTION_ID=0
INSERT INTO BATCH_STEP_EXECUTION_CONTEXT VALUES(0,'{"@class":"java.util.HashMap","batch.taskletType":"org.springframework.batch.core.step.item.ChunkOrientedTasklet","FlatFileItemReader.read.count":24,"batch.stepType":"org.springframework.batch.core.step.tasklet.TaskletStep"}',NULL)
DELETE FROM BATCH_STEP_EXECUTION WHERE STEP_EXECUTION_ID=0
INSERT INTO BATCH_STEP_EXECUTION VALUES(0,5,'idFirstStep',0,'2022-10-28 20:59:08.837000',NULL,'STARTED',4,24,0,24,0,0,0,0,'EXECUTING','','2022-10-28 20:59:08.898000')
COMMIT
DELETE FROM BATCH_STEP_EXECUTION_CONTEXT WHERE STEP_EXECUTION_ID=0
INSERT INTO BATCH_STEP_EXECUTION_CONTEXT VALUES(0,'{"@class":"java.util.HashMap","batch.taskletType":"org.springframework.batch.core.step.item.ChunkOrientedTasklet","FlatFileItemReader.read.count":30,"batch.stepType":"org.springframework.batch.core.step.tasklet.TaskletStep"}',NULL)
DELETE FROM BATCH_STEP_EXECUTION WHERE STEP_EXECUTION_ID=0
INSERT INTO BATCH_STEP_EXECUTION VALUES(0,6,'idFirstStep',0,'2022-10-28 20:59:08.837000',NULL,'STARTED',5,30,0,30,0,0,0,0,'EXECUTING','','2022-10-28 20:59:08.903000')
COMMIT
DELETE FROM BATCH_STEP_EXECUTION_CONTEXT WHERE STEP_EXECUTION_ID=0
INSERT INTO BATCH_STEP_EXECUTION_CONTEXT VALUES(0,'{"@class":"java.util.HashMap","batch.taskletType":"org.springframework.batch.core.step.item.ChunkOrientedTasklet","FlatFileItemReader.read.count":36,"batch.stepType":"org.springframework.batch.core.step.tasklet.TaskletStep"}',NULL)
DELETE FROM BATCH_STEP_EXECUTION WHERE STEP_EXECUTION_ID=0
INSERT INTO BATCH_STEP_EXECUTION VALUES(0,7,'idFirstStep',0,'2022-10-28 20:59:08.837000',NULL,'STARTED',6,36,0,36,0,0,0,0,'EXECUTING','','2022-10-28 20:59:08.909000')
COMMIT
DELETE FROM BATCH_STEP_EXECUTION_CONTEXT WHERE STEP_EXECUTION_ID=0
INSERT INTO BATCH_STEP_EXECUTION_CONTEXT VALUES(0,'{"@class":"java.util.HashMap","batch.taskletType":"org.springframework.batch.core.step.item.ChunkOrientedTasklet","FlatFileItemReader.read.count":42,"batch.stepType":"org.springframework.batch.core.step.tasklet.TaskletStep"}',NULL)
DELETE FROM BATCH_STEP_EXECUTION WHERE STEP_EXECUTION_ID=0
INSERT INTO BATCH_STEP_EXECUTION VALUES(0,8,'idFirstStep',0,'2022-10-28 20:59:08.837000',NULL,'STARTED',7,42,0,42,0,0,0,0,'EXECUTING','','2022-10-28 20:59:08.914000')
COMMIT
DELETE FROM BATCH_STEP_EXECUTION_CONTEXT WHERE STEP_EXECUTION_ID=0
INSERT INTO BATCH_STEP_EXECUTION_CONTEXT VALUES(0,'{"@class":"java.util.HashMap","batch.taskletType":"org.springframework.batch.core.step.item.ChunkOrientedTasklet","FlatFileItemReader.read.count":48,"batch.stepType":"org.springframework.batch.core.step.tasklet.TaskletStep"}',NULL)
DELETE FROM BATCH_STEP_EXECUTION WHERE STEP_EXECUTION_ID=0
INSERT INTO BATCH_STEP_EXECUTION VALUES(0,9,'idFirstStep',0,'2022-10-28 20:59:08.837000',NULL,'STARTED',8,48,0,48,0,0,0,0,'EXECUTING','','2022-10-28 20:59:08.920000')
COMMIT
DELETE FROM BATCH_STEP_EXECUTION_CONTEXT WHERE STEP_EXECUTION_ID=0
INSERT INTO BATCH_STEP_EXECUTION_CONTEXT VALUES(0,'{"@class":"java.util.HashMap","batch.taskletType":"org.springframework.batch.core.step.item.ChunkOrientedTasklet","FlatFileItemReader.read.count":54,"batch.stepType":"org.springframework.batch.core.step.tasklet.TaskletStep"}',NULL)
DELETE FROM BATCH_STEP_EXECUTION WHERE STEP_EXECUTION_ID=0
INSERT INTO BATCH_STEP_EXECUTION VALUES(0,10,'idFirstStep',0,'2022-10-28 20:59:08.837000',NULL,'STARTED',9,54,0,54,0,0,0,0,'EXECUTING','','2022-10-28 20:59:08.924000')
COMMIT
DELETE FROM BATCH_STEP_EXECUTION_CONTEXT WHERE STEP_EXECUTION_ID=0
INSERT INTO BATCH_STEP_EXECUTION_CONTEXT VALUES(0,'{"@class":"java.util.HashMap","batch.taskletType":"org.springframework.batch.core.step.item.ChunkOrientedTasklet","FlatFileItemReader.read.count":60,"batch.stepType":"org.springframework.batch.core.step.tasklet.TaskletStep"}',NULL)
DELETE FROM BATCH_STEP_EXECUTION WHERE STEP_EXECUTION_ID=0
INSERT INTO BATCH_STEP_EXECUTION VALUES(0,11,'idFirstStep',0,'2022-10-28 20:59:08.837000',NULL,'STARTED',10,60,0,60,0,0,0,0,'EXECUTING','','2022-10-28 20:59:08.929000')
COMMIT
DELETE FROM BATCH_STEP_EXECUTION_CONTEXT WHERE STEP_EXECUTION_ID=0
INSERT INTO BATCH_STEP_EXECUTION_CONTEXT VALUES(0,'{"@class":"java.util.HashMap","batch.taskletType":"org.springframework.batch.core.step.item.ChunkOrientedTasklet","FlatFileItemReader.read.count":66,"batch.stepType":"org.springframework.batch.core.step.tasklet.TaskletStep"}',NULL)
DELETE FROM BATCH_STEP_EXECUTION WHERE STEP_EXECUTION_ID=0
INSERT INTO BATCH_STEP_EXECUTION VALUES(0,12,'idFirstStep',0,'2022-10-28 20:59:08.837000',NULL,'STARTED',11,66,0,66,0,0,0,0,'EXECUTING','','2022-10-28 20:59:08.934000')
COMMIT
DELETE FROM BATCH_STEP_EXECUTION_CONTEXT WHERE STEP_EXECUTION_ID=0
INSERT INTO BATCH_STEP_EXECUTION_CONTEXT VALUES(0,'{"@class":"java.util.HashMap","batch.taskletType":"org.springframework.batch.core.step.item.ChunkOrientedTasklet","FlatFileItemReader.read.count":72,"batch.stepType":"org.springframework.batch.core.step.tasklet.TaskletStep"}',NULL)
DELETE FROM BATCH_STEP_EXECUTION WHERE STEP_EXECUTION_ID=0
INSERT INTO BATCH_STEP_EXECUTION VALUES(0,13,'idFirstStep',0,'2022-10-28 20:59:08.837000',NULL,'STARTED',12,72,0,72,0,0,0,0,'EXECUTING','','2022-10-28 20:59:08.939000')
COMMIT
DELETE FROM BATCH_STEP_EXECUTION_CONTEXT WHERE STEP_EXECUTION_ID=0
INSERT INTO BATCH_STEP_EXECUTION_CONTEXT VALUES(0,'{"@class":"java.util.HashMap","batch.taskletType":"org.springframework.batch.core.step.item.ChunkOrientedTasklet","FlatFileItemReader.read.count":78,"batch.stepType":"org.springframework.batch.core.step.tasklet.TaskletStep"}',NULL)
DELETE FROM BATCH_STEP_EXECUTION WHERE STEP_EXECUTION_ID=0
INSERT INTO BATCH_STEP_EXECUTION VALUES(0,14,'idFirstStep',0,'2022-10-28 20:59:08.837000',NULL,'STARTED',13,78,0,78,0,0,0,0,'EXECUTING','','2022-10-28 20:59:08.944000')
COMMIT
DELETE FROM BATCH_STEP_EXECUTION_CONTEXT WHERE STEP_EXECUTION_ID=0
INSERT INTO BATCH_STEP_EXECUTION_CONTEXT VALUES(0,'{"@class":"java.util.HashMap","batch.taskletType":"org.springframework.batch.core.step.item.ChunkOrientedTasklet","FlatFileItemReader.read.count":84,"batch.stepType":"org.springframework.batch.core.step.tasklet.TaskletStep"}',NULL)
DELETE FROM BATCH_STEP_EXECUTION WHERE STEP_EXECUTION_ID=0
INSERT INTO BATCH_STEP_EXECUTION VALUES(0,15,'idFirstStep',0,'2022-10-28 20:59:08.837000',NULL,'STARTED',14,84,0,84,0,0,0,0,'EXECUTING','','2022-10-28 20:59:08.949000')
COMMIT
DELETE FROM BATCH_STEP_EXECUTION_CONTEXT WHERE STEP_EXECUTION_ID=0
INSERT INTO BATCH_STEP_EXECUTION_CONTEXT VALUES(0,'{"@class":"java.util.HashMap","batch.taskletType":"org.springframework.batch.core.step.item.ChunkOrientedTasklet","FlatFileItemReader.read.count":90,"batch.stepType":"org.springframework.batch.core.step.tasklet.TaskletStep"}',NULL)
DELETE FROM BATCH_STEP_EXECUTION WHERE STEP_EXECUTION_ID=0
INSERT INTO BATCH_STEP_EXECUTION VALUES(0,16,'idFirstStep',0,'2022-10-28 20:59:08.837000',NULL,'STARTED',15,89,0,89,0,0,0,0,'EXECUTING','','2022-10-28 20:59:08.955000')
COMMIT
DELETE FROM BATCH_STEP_EXECUTION_CONTEXT WHERE STEP_EXECUTION_ID=0
INSERT INTO BATCH_STEP_EXECUTION_CONTEXT VALUES(0,'{"@class":"java.util.HashMap","batch.taskletType":"org.springframework.batch.core.step.item.ChunkOrientedTasklet","FlatFileItemReader.read.count":90,"batch.stepType":"org.springframework.batch.core.step.tasklet.TaskletStep"}',NULL)
COMMIT
DELETE FROM BATCH_STEP_EXECUTION WHERE STEP_EXECUTION_ID=0
INSERT INTO BATCH_STEP_EXECUTION VALUES(0,17,'idFirstStep',0,'2022-10-28 20:59:08.837000','2022-10-28 20:59:08.957000','COMPLETED',15,89,0,89,0,0,0,0,'COMPLETED','','2022-10-28 20:59:08.958000')
COMMIT
DELETE FROM BATCH_JOB_EXECUTION_CONTEXT WHERE JOB_EXECUTION_ID=0
INSERT INTO BATCH_JOB_EXECUTION_CONTEXT VALUES(0,'{"@class":"java.util.HashMap"}',NULL)
COMMIT
DELETE FROM BATCH_JOB_EXECUTION WHERE JOB_EXECUTION_ID=0
INSERT INTO BATCH_JOB_EXECUTION VALUES(0,2,0,'2022-10-28 20:59:08.787000','2022-10-28 20:59:08.818000','2022-10-28 20:59:08.961000','COMPLETED','COMPLETED','','2022-10-28 20:59:08.961000',NULL)
COMMIT
DISCONNECT
